

Started GET "/rails/info/properties" for 127.0.0.1 at 2011-01-08 19:01:23 +0100
  Processing by Rails::InfoController#properties as HTML
  [1m[36mSQL (0.0ms)[0m  [1m SELECT name
 FROM sqlite_master
 WHERE type = 'table' AND NOT name = 'sqlite_sequence'
[0m
Rendered inline template (1.0ms)
Completed 200 OK in 107ms (Views: 1.0ms | ActiveRecord: 0.0ms)


Started GET "/rails/info/properties" for 127.0.0.1 at 2011-01-09 11:37:16 +0100
  Processing by Rails::InfoController#properties as */*
  [1m[36mSQL (0.0ms)[0m  [1m SELECT name
 FROM sqlite_master
 WHERE type = 'table' AND NOT name = 'sqlite_sequence'
[0m
Rendered inline template (0.0ms)
Completed 200 OK in 125ms (Views: 0.0ms | ActiveRecord: 0.0ms)
  [1m[36mSQL (0.0ms)[0m  [1m SELECT name
 FROM sqlite_master
 WHERE type = 'table' AND NOT name = 'sqlite_sequence'
[0m
  [1m[35mSQL (0.0ms)[0m  select sqlite_version(*)
  [1m[36mSQL (78.0ms)[0m  [1mCREATE TABLE "schema_migrations" ("version" varchar(255) NOT NULL) [0m
  [1m[35mSQL (0.0ms)[0m  PRAGMA index_list("schema_migrations")
  [1m[36mSQL (62.4ms)[0m  [1mCREATE UNIQUE INDEX "unique_schema_migrations" ON "schema_migrations" ("version")[0m
  [1m[35mSQL (0.0ms)[0m   SELECT name
 FROM sqlite_master
 WHERE type = 'table' AND NOT name = 'sqlite_sequence'
  [1m[36mSQL (0.0ms)[0m  [1m SELECT name
 FROM sqlite_master
 WHERE type = 'table' AND NOT name = 'sqlite_sequence'
[0m
  [1m[35mSQL (0.0ms)[0m  SELECT "schema_migrations"."version" FROM "schema_migrations"
Migrating to CreateUsers (20110109104549)
  [1m[36mSQL (0.0ms)[0m  [1mCREATE TABLE "users" ("id" INTEGER PRIMARY KEY AUTOINCREMENT NOT NULL, "name" varchar(255), "email" varchar(255), "created_at" datetime, "updated_at" datetime) [0m
  [1m[35mSQL (0.0ms)[0m  INSERT INTO "schema_migrations" ("version") VALUES ('20110109104549')
  [1m[36mSQL (0.0ms)[0m  [1m SELECT name
 FROM sqlite_master
 WHERE type = 'table' AND NOT name = 'sqlite_sequence'
[0m
  [1m[35mSQL (0.0ms)[0m  SELECT "schema_migrations"."version" FROM "schema_migrations"
  [1m[36mSQL (0.0ms)[0m  [1m SELECT name
 FROM sqlite_master
 WHERE type = 'table' AND NOT name = 'sqlite_sequence'
[0m
  [1m[35mSQL (0.0ms)[0m  PRAGMA index_list("users")


Started GET "/user" for 127.0.0.1 at 2011-01-09 11:49:34 +0100

ActionController::RoutingError (No route matches "/user"):
  

Rendered c:/Ruby192/lib/ruby/gems/1.9.1/gems/actionpack-3.0.3/lib/action_dispatch/middleware/templates/rescues/routing_error.erb within rescues/layout (1.0ms)


Started GET "/users" for 127.0.0.1 at 2011-01-09 11:49:46 +0100
  Processing by UsersController#index as HTML
  [1m[36mUser Load (0.0ms)[0m  [1mSELECT "users".* FROM "users"[0m
Rendered users/index.html.erb within layouts/application (3.0ms)
Completed 200 OK in 259ms (Views: 18.0ms | ActiveRecord: 0.0ms)


Started GET "/users" for 127.0.0.1 at 2011-01-09 11:50:11 +0100
  Processing by UsersController#index as HTML
  [1m[35mUser Load (0.0ms)[0m  SELECT "users".* FROM "users"
Rendered users/index.html.erb within layouts/application (3.0ms)
Completed 200 OK in 47ms (Views: 19.0ms | ActiveRecord: 0.0ms)


Started GET "/users/new" for 127.0.0.1 at 2011-01-09 11:55:05 +0100
  Processing by UsersController#new as HTML
Rendered users/_form.html.erb (50.0ms)
Rendered users/new.html.erb within layouts/application (57.0ms)
Completed 200 OK in 85ms (Views: 73.0ms | ActiveRecord: 0.0ms)


Started POST "/users" for 127.0.0.1 at 2011-01-09 11:55:30 +0100
  Processing by UsersController#create as HTML
  Parameters: {"utf8"=>"✓", "authenticity_token"=>"uqQzFjQj4jRAEwjEM+zfa14lrtn1//e3nkp/gpIMmuQ=", "user"=>{"name"=>"Mario", "email"=>"mario@ohps.it"}, "commit"=>"Create User"}
  [1m[36mSQL (0.0ms)[0m  [1m SELECT name
 FROM sqlite_master
 WHERE type = 'table' AND NOT name = 'sqlite_sequence'
[0m
  [1m[35mAREL (1.0ms)[0m  INSERT INTO "users" ("name", "email", "created_at", "updated_at") VALUES ('Mario', 'mario@ohps.it', '2011-01-09 10:55:30.365705', '2011-01-09 10:55:30.365705')
Redirected to http://localhost:3000/users/1
Completed 302 Found in 185ms


Started GET "/users/1" for 127.0.0.1 at 2011-01-09 11:55:30 +0100
  Processing by UsersController#show as HTML
  Parameters: {"id"=>"1"}
  [1m[36mUser Load (0.0ms)[0m  [1mSELECT "users".* FROM "users" WHERE ("users"."id" = 1) LIMIT 1[0m
Rendered users/show.html.erb within layouts/application (8.0ms)
Completed 200 OK in 35ms (Views: 23.0ms | ActiveRecord: 0.0ms)


Started GET "/users" for 127.0.0.1 at 2011-01-09 11:55:36 +0100
  Processing by UsersController#index as HTML
  [1m[35mUser Load (1.0ms)[0m  SELECT "users".* FROM "users"
Rendered users/index.html.erb within layouts/application (9.0ms)
Completed 200 OK in 53ms (Views: 25.0ms | ActiveRecord: 2.0ms)


Started GET "/users/1/edit" for 127.0.0.1 at 2011-01-09 11:55:40 +0100
  Processing by UsersController#edit as HTML
  Parameters: {"id"=>"1"}
  [1m[36mUser Load (0.0ms)[0m  [1mSELECT "users".* FROM "users" WHERE ("users"."id" = 1) LIMIT 1[0m
Rendered users/_form.html.erb (8.0ms)
Rendered users/edit.html.erb within layouts/application (15.0ms)
Completed 200 OK in 43ms (Views: 31.0ms | ActiveRecord: 0.0ms)


Started GET "/users" for 127.0.0.1 at 2011-01-09 11:56:48 +0100
  Processing by UsersController#index as */*
  [1m[35mUser Load (1.0ms)[0m  SELECT "users".* FROM "users"
Rendered users/index.html.erb within layouts/application (10.0ms)
Completed 200 OK in 36ms (Views: 25.0ms | ActiveRecord: 1.0ms)


Started GET "/users/1/edit" for 127.0.0.1 at 2011-01-09 11:56:51 +0100
  Processing by UsersController#edit as HTML
  Parameters: {"id"=>"1"}
  [1m[36mUser Load (1.0ms)[0m  [1mSELECT "users".* FROM "users" WHERE ("users"."id" = 1) LIMIT 1[0m
Rendered users/_form.html.erb (8.0ms)
Rendered users/edit.html.erb within layouts/application (20.0ms)
Completed 200 OK in 59ms (Views: 42.0ms | ActiveRecord: 1.0ms)


Started POST "/users/1" for 127.0.0.1 at 2011-01-09 11:57:03 +0100
  Processing by UsersController#update as HTML
  Parameters: {"utf8"=>"✓", "authenticity_token"=>"VKH+MfW1EKnrMgR2JVLRMqrrZwFnmcwcYSK4chozxFg=", "user"=>{"name"=>"Mario", "email"=>"mario@esempio.it"}, "commit"=>"Update User", "id"=>"1"}
  [1m[35mUser Load (0.0ms)[0m  SELECT "users".* FROM "users" WHERE ("users"."id" = 1) LIMIT 1
  [1m[36mAREL (1.0ms)[0m  [1mUPDATE "users" SET "email" = 'mario@esempio.it', "updated_at" = '2011-01-09 10:57:03.750046' WHERE ("users"."id" = 1)[0m
Redirected to http://localhost:3000/users/1
Completed 302 Found in 96ms


Started GET "/users/1" for 127.0.0.1 at 2011-01-09 11:57:03 +0100
  Processing by UsersController#show as HTML
  Parameters: {"id"=>"1"}
  [1m[35mUser Load (1.0ms)[0m  SELECT "users".* FROM "users" WHERE ("users"."id" = 1) LIMIT 1
Rendered users/show.html.erb within layouts/application (8.0ms)
Completed 200 OK in 36ms (Views: 23.0ms | ActiveRecord: 1.0ms)


Started GET "/users" for 127.0.0.1 at 2011-01-09 11:57:06 +0100
  Processing by UsersController#index as HTML
  [1m[36mUser Load (1.0ms)[0m  [1mSELECT "users".* FROM "users"[0m
Rendered users/index.html.erb within layouts/application (11.0ms)
Completed 200 OK in 38ms (Views: 27.0ms | ActiveRecord: 2.0ms)


Started GET "/users" for 127.0.0.1 at 2011-01-09 11:57:11 +0100
  Processing by UsersController#index as HTML
  [1m[35mUser Load (0.0ms)[0m  SELECT "users".* FROM "users"
Rendered users/index.html.erb within layouts/application (10.0ms)
Completed 200 OK in 37ms (Views: 25.0ms | ActiveRecord: 0.0ms)


Started GET "/users/new" for 127.0.0.1 at 2011-01-09 11:58:03 +0100
  Processing by UsersController#new as HTML
Rendered users/_form.html.erb (5.0ms)
Rendered users/new.html.erb within layouts/application (13.0ms)
Completed 200 OK in 40ms (Views: 28.0ms | ActiveRecord: 0.0ms)


Started POST "/users" for 127.0.0.1 at 2011-01-09 11:58:31 +0100
  Processing by UsersController#create as HTML
  Parameters: {"utf8"=>"✓", "authenticity_token"=>"VKH+MfW1EKnrMgR2JVLRMqrrZwFnmcwcYSK4chozxFg=", "user"=>{"name"=>"morto", "email"=>"morto@byebye.org"}, "commit"=>"Create User"}
  [1m[36mAREL (1.0ms)[0m  [1mINSERT INTO "users" ("name", "email", "created_at", "updated_at") VALUES ('morto', 'morto@byebye.org', '2011-01-09 10:58:31.458063', '2011-01-09 10:58:31.458063')[0m
Redirected to http://localhost:3000/users/2
Completed 302 Found in 107ms


Started GET "/users/2" for 127.0.0.1 at 2011-01-09 11:58:31 +0100
  Processing by UsersController#show as HTML
  Parameters: {"id"=>"2"}
  [1m[35mUser Load (1.0ms)[0m  SELECT "users".* FROM "users" WHERE ("users"."id" = 2) LIMIT 1
Rendered users/show.html.erb within layouts/application (10.0ms)
Completed 200 OK in 38ms (Views: 25.0ms | ActiveRecord: 1.0ms)


Started GET "/users" for 127.0.0.1 at 2011-01-09 11:58:34 +0100
  Processing by UsersController#index as HTML
  [1m[36mUser Load (0.0ms)[0m  [1mSELECT "users".* FROM "users"[0m
Rendered users/index.html.erb within layouts/application (10.0ms)
Completed 200 OK in 36ms (Views: 26.0ms | ActiveRecord: 0.0ms)


Started GET "/users" for 127.0.0.1 at 2011-01-09 11:58:59 +0100
  Processing by UsersController#index as HTML
  [1m[35mUser Load (0.0ms)[0m  SELECT "users".* FROM "users"
Rendered users/index.html.erb within layouts/application (10.0ms)
Completed 200 OK in 36ms (Views: 26.0ms | ActiveRecord: 0.0ms)


Started POST "/users/2" for 127.0.0.1 at 2011-01-09 11:59:36 +0100
  Processing by UsersController#destroy as HTML
  Parameters: {"authenticity_token"=>"VKH+MfW1EKnrMgR2JVLRMqrrZwFnmcwcYSK4chozxFg=", "id"=>"2"}
  [1m[36mUser Load (1.0ms)[0m  [1mSELECT "users".* FROM "users" WHERE ("users"."id" = 2) LIMIT 1[0m
  [1m[35mAREL (1.0ms)[0m  DELETE FROM "users" WHERE ("users"."id" = 2)
Redirected to http://localhost:3000/users
Completed 302 Found in 97ms


Started GET "/users" for 127.0.0.1 at 2011-01-09 11:59:37 +0100
  Processing by UsersController#index as HTML
  [1m[36mUser Load (1.0ms)[0m  [1mSELECT "users".* FROM "users"[0m
Rendered users/index.html.erb within layouts/application (29.0ms)
Completed 200 OK in 59ms (Views: 47.0ms | ActiveRecord: 3.0ms)


Started GET "/users" for 127.0.0.1 at 2011-01-09 11:59:46 +0100
  Processing by UsersController#index as HTML
  [1m[35mUser Load (1.0ms)[0m  SELECT "users".* FROM "users"
Rendered users/index.html.erb within layouts/application (10.0ms)
Completed 200 OK in 35ms (Views: 25.0ms | ActiveRecord: 1.0ms)


Started GET "/users" for 127.0.0.1 at 2011-01-09 12:23:23 +0100
  Processing by UsersController#index as HTML
  [1m[36mUser Load (1.0ms)[0m  [1mSELECT "users".* FROM "users"[0m
Rendered users/index.html.erb within layouts/application (11.0ms)
Completed 200 OK in 240ms (Views: 26.0ms | ActiveRecord: 1.0ms)


Started GET "/users/new" for 127.0.0.1 at 2011-01-09 12:23:34 +0100
  Processing by UsersController#new as HTML
Rendered users/_form.html.erb (8.0ms)
Rendered users/new.html.erb within layouts/application (15.0ms)
Completed 200 OK in 46ms (Views: 31.0ms | ActiveRecord: 0.0ms)


Started POST "/users" for 127.0.0.1 at 2011-01-09 12:24:02 +0100
  Processing by UsersController#create as HTML
  Parameters: {"utf8"=>"✓", "authenticity_token"=>"uqQzFjQj4jRAEwjEM+zfa14lrtn1//e3nkp/gpIMmuQ=", "user"=>{"name"=>"antonio", "email"=>"bbbb"}, "commit"=>"Create User"}
  [1m[35mSQL (0.0ms)[0m   SELECT name
 FROM sqlite_master
 WHERE type = 'table' AND NOT name = 'sqlite_sequence'
  [1m[36mAREL (1.0ms)[0m  [1mINSERT INTO "users" ("name", "email", "created_at", "updated_at") VALUES ('antonio', 'bbbb', '2011-01-09 11:24:02.416629', '2011-01-09 11:24:02.416629')[0m
Redirected to http://localhost:3000/users/3
Completed 302 Found in 170ms


Started GET "/users/3" for 127.0.0.1 at 2011-01-09 12:24:02 +0100
  Processing by UsersController#show as HTML
  Parameters: {"id"=>"3"}
  [1m[35mUser Load (0.0ms)[0m  SELECT "users".* FROM "users" WHERE ("users"."id" = 3) LIMIT 1
Rendered users/show.html.erb within layouts/application (26.0ms)
Completed 200 OK in 122ms (Views: 108.0ms | ActiveRecord: 0.0ms)


Started GET "/users" for 127.0.0.1 at 2011-01-09 12:24:06 +0100
  Processing by UsersController#index as HTML
  [1m[36mUser Load (0.0ms)[0m  [1mSELECT "users".* FROM "users"[0m
Rendered users/index.html.erb within layouts/application (10.0ms)
Completed 200 OK in 37ms (Views: 26.0ms | ActiveRecord: 0.0ms)


Started GET "/users/3" for 127.0.0.1 at 2011-01-09 12:24:15 +0100
  Processing by UsersController#show as HTML
  Parameters: {"id"=>"3"}
  [1m[35mUser Load (0.0ms)[0m  SELECT "users".* FROM "users" WHERE ("users"."id" = 3) LIMIT 1
Rendered users/show.html.erb within layouts/application (8.0ms)
Completed 200 OK in 37ms (Views: 24.0ms | ActiveRecord: 0.0ms)


Started GET "/users/3/edit" for 127.0.0.1 at 2011-01-09 12:24:16 +0100
  Processing by UsersController#edit as HTML
  Parameters: {"id"=>"3"}
  [1m[36mUser Load (0.0ms)[0m  [1mSELECT "users".* FROM "users" WHERE ("users"."id" = 3) LIMIT 1[0m
Rendered users/_form.html.erb (7.0ms)
Rendered users/edit.html.erb within layouts/application (16.0ms)
Completed 200 OK in 62ms (Views: 31.0ms | ActiveRecord: 0.0ms)


Started POST "/users/3" for 127.0.0.1 at 2011-01-09 12:24:24 +0100
  Processing by UsersController#update as HTML
  Parameters: {"utf8"=>"✓", "authenticity_token"=>"uqQzFjQj4jRAEwjEM+zfa14lrtn1//e3nkp/gpIMmuQ=", "user"=>{"name"=>"antonio", "email"=>"bbbb@it"}, "commit"=>"Update User", "id"=>"3"}
  [1m[35mUser Load (1.0ms)[0m  SELECT "users".* FROM "users" WHERE ("users"."id" = 3) LIMIT 1
  [1m[36mAREL (0.0ms)[0m  [1mUPDATE "users" SET "email" = 'bbbb@it', "updated_at" = '2011-01-09 11:24:24.937917' WHERE ("users"."id" = 3)[0m
Redirected to http://localhost:3000/users/3
Completed 302 Found in 93ms


Started GET "/users/3" for 127.0.0.1 at 2011-01-09 12:24:25 +0100
  Processing by UsersController#show as HTML
  Parameters: {"id"=>"3"}
  [1m[35mUser Load (0.0ms)[0m  SELECT "users".* FROM "users" WHERE ("users"."id" = 3) LIMIT 1
Rendered users/show.html.erb within layouts/application (8.0ms)
Completed 200 OK in 37ms (Views: 24.0ms | ActiveRecord: 0.0ms)


Started GET "/users" for 127.0.0.1 at 2011-01-09 12:24:28 +0100
  Processing by UsersController#index as HTML
  [1m[36mUser Load (0.0ms)[0m  [1mSELECT "users".* FROM "users"[0m
Rendered users/index.html.erb within layouts/application (69.0ms)
Completed 200 OK in 96ms (Views: 85.0ms | ActiveRecord: 0.0ms)
  [1m[36mSQL (0.0ms)[0m  [1m SELECT name
 FROM sqlite_master
 WHERE type = 'table' AND NOT name = 'sqlite_sequence'
[0m
  [1m[35mSQL (0.0ms)[0m   SELECT name
 FROM sqlite_master
 WHERE type = 'table' AND NOT name = 'sqlite_sequence'
  [1m[36mSQL (0.0ms)[0m  [1mSELECT "schema_migrations"."version" FROM "schema_migrations"[0m
Migrating to CreateUsers (20110109104549)
Migrating to CreateMicroposts (20110109114202)
  [1m[35mSQL (0.0ms)[0m  select sqlite_version(*)
  [1m[36mSQL (1.0ms)[0m  [1mCREATE TABLE "microposts" ("id" INTEGER PRIMARY KEY AUTOINCREMENT NOT NULL, "content" varchar(255), "user_id" integer, "created_at" datetime, "updated_at" datetime) [0m
  [1m[35mSQL (0.0ms)[0m  INSERT INTO "schema_migrations" ("version") VALUES ('20110109114202')
  [1m[36mSQL (0.0ms)[0m  [1m SELECT name
 FROM sqlite_master
 WHERE type = 'table' AND NOT name = 'sqlite_sequence'
[0m
  [1m[35mSQL (0.0ms)[0m  SELECT "schema_migrations"."version" FROM "schema_migrations"
  [1m[36mSQL (0.0ms)[0m  [1m SELECT name
 FROM sqlite_master
 WHERE type = 'table' AND NOT name = 'sqlite_sequence'
[0m
  [1m[35mSQL (0.0ms)[0m  PRAGMA index_list("microposts")
  [1m[36mSQL (0.0ms)[0m  [1mPRAGMA index_list("users")[0m


Started GET "/users" for 127.0.0.1 at 2011-01-09 12:45:10 +0100
  Processing by UsersController#index as */*
  [1m[36mUser Load (0.0ms)[0m  [1mSELECT "users".* FROM "users"[0m
Rendered users/index.html.erb within layouts/application (11.0ms)
Completed 200 OK in 224ms (Views: 26.0ms | ActiveRecord: 0.0ms)


Started GET "/micropost" for 127.0.0.1 at 2011-01-09 12:45:28 +0100

ActionController::RoutingError (No route matches "/micropost"):
  

Rendered c:/Ruby192/lib/ruby/gems/1.9.1/gems/actionpack-3.0.3/lib/action_dispatch/middleware/templates/rescues/routing_error.erb within rescues/layout (2.0ms)


Started GET "/microposts" for 127.0.0.1 at 2011-01-09 12:45:54 +0100
  Processing by MicropostsController#index as HTML
  [1m[35mMicropost Load (0.0ms)[0m  SELECT "microposts".* FROM "microposts"
Rendered microposts/index.html.erb within layouts/application (3.0ms)
Completed 200 OK in 29ms (Views: 19.0ms | ActiveRecord: 0.0ms)


Started GET "/microposts/new" for 127.0.0.1 at 2011-01-09 12:46:15 +0100
  Processing by MicropostsController#new as HTML
Rendered microposts/_form.html.erb (8.0ms)
Rendered microposts/new.html.erb within layouts/application (15.0ms)
Completed 200 OK in 42ms (Views: 30.0ms | ActiveRecord: 0.0ms)


Started POST "/microposts" for 127.0.0.1 at 2011-01-09 12:46:29 +0100
  Processing by MicropostsController#create as HTML
  Parameters: {"utf8"=>"✓", "authenticity_token"=>"VKH+MfW1EKnrMgR2JVLRMqrrZwFnmcwcYSK4chozxFg=", "micropost"=>{"content"=>"prova mario", "user_id"=>"1"}, "commit"=>"Create Micropost"}
  [1m[36mSQL (0.0ms)[0m  [1m SELECT name
 FROM sqlite_master
 WHERE type = 'table' AND NOT name = 'sqlite_sequence'
[0m
  [1m[35mAREL (0.0ms)[0m  INSERT INTO "microposts" ("content", "user_id", "created_at", "updated_at") VALUES ('prova mario', 1, '2011-01-09 11:46:29.083653', '2011-01-09 11:46:29.083653')
Redirected to http://localhost:3000/microposts/1
Completed 302 Found in 157ms


Started GET "/microposts/1" for 127.0.0.1 at 2011-01-09 12:46:29 +0100
  Processing by MicropostsController#show as HTML
  Parameters: {"id"=>"1"}
  [1m[36mMicropost Load (1.0ms)[0m  [1mSELECT "microposts".* FROM "microposts" WHERE ("microposts"."id" = 1) LIMIT 1[0m
Rendered microposts/show.html.erb within layouts/application (8.0ms)
Completed 200 OK in 37ms (Views: 23.0ms | ActiveRecord: 1.0ms)


Started GET "/microposts" for 127.0.0.1 at 2011-01-09 12:46:32 +0100
  Processing by MicropostsController#index as HTML
  [1m[35mMicropost Load (1.0ms)[0m  SELECT "microposts".* FROM "microposts"
Rendered microposts/index.html.erb within layouts/application (27.0ms)
Completed 200 OK in 54ms (Views: 44.0ms | ActiveRecord: 1.0ms)


Started GET "/microposts/1" for 127.0.0.1 at 2011-01-09 12:46:37 +0100
  Processing by MicropostsController#show as HTML
  Parameters: {"id"=>"1"}
  [1m[36mMicropost Load (0.0ms)[0m  [1mSELECT "microposts".* FROM "microposts" WHERE ("microposts"."id" = 1) LIMIT 1[0m
Rendered microposts/show.html.erb within layouts/application (8.0ms)
Completed 200 OK in 37ms (Views: 24.0ms | ActiveRecord: 0.0ms)


Started GET "/microposts" for 127.0.0.1 at 2011-01-09 12:46:40 +0100
  Processing by MicropostsController#index as HTML
  [1m[35mMicropost Load (0.0ms)[0m  SELECT "microposts".* FROM "microposts"
Rendered microposts/index.html.erb within layouts/application (9.0ms)
Completed 200 OK in 35ms (Views: 25.0ms | ActiveRecord: 0.0ms)


Started GET "/microposts/1/edit" for 127.0.0.1 at 2011-01-09 12:46:42 +0100
  Processing by MicropostsController#edit as HTML
  Parameters: {"id"=>"1"}
  [1m[36mMicropost Load (1.0ms)[0m  [1mSELECT "microposts".* FROM "microposts" WHERE ("microposts"."id" = 1) LIMIT 1[0m
Rendered microposts/_form.html.erb (7.0ms)
Rendered microposts/edit.html.erb within layouts/application (16.0ms)
Completed 200 OK in 75ms (Views: 31.0ms | ActiveRecord: 1.0ms)


Started POST "/microposts/1" for 127.0.0.1 at 2011-01-09 12:46:50 +0100
  Processing by MicropostsController#update as HTML
  Parameters: {"utf8"=>"✓", "authenticity_token"=>"VKH+MfW1EKnrMgR2JVLRMqrrZwFnmcwcYSK4chozxFg=", "micropost"=>{"content"=>"prova micropost mario", "user_id"=>"1"}, "commit"=>"Update Micropost", "id"=>"1"}
  [1m[35mMicropost Load (0.0ms)[0m  SELECT "microposts".* FROM "microposts" WHERE ("microposts"."id" = 1) LIMIT 1
  [1m[36mAREL (0.0ms)[0m  [1mUPDATE "microposts" SET "content" = 'prova micropost mario', "updated_at" = '2011-01-09 11:46:50.735892' WHERE ("microposts"."id" = 1)[0m
Redirected to http://localhost:3000/microposts/1
Completed 302 Found in 122ms


Started GET "/microposts/1" for 127.0.0.1 at 2011-01-09 12:46:50 +0100
  Processing by MicropostsController#show as HTML
  Parameters: {"id"=>"1"}
  [1m[35mMicropost Load (0.0ms)[0m  SELECT "microposts".* FROM "microposts" WHERE ("microposts"."id" = 1) LIMIT 1
Rendered microposts/show.html.erb within layouts/application (8.0ms)
Completed 200 OK in 37ms (Views: 24.0ms | ActiveRecord: 0.0ms)


Started GET "/microposts" for 127.0.0.1 at 2011-01-09 12:46:54 +0100
  Processing by MicropostsController#index as HTML
  [1m[36mMicropost Load (0.0ms)[0m  [1mSELECT "microposts".* FROM "microposts"[0m
Rendered microposts/index.html.erb within layouts/application (9.0ms)
Completed 200 OK in 35ms (Views: 24.0ms | ActiveRecord: 0.0ms)


Started GET "/users" for 127.0.0.1 at 2011-01-09 12:47:10 +0100
  Processing by UsersController#index as HTML
  [1m[35mUser Load (1.0ms)[0m  SELECT "users".* FROM "users"
Rendered users/index.html.erb within layouts/application (10.0ms)
Completed 200 OK in 53ms (Views: 26.0ms | ActiveRecord: 1.0ms)


Started GET "/users/1" for 127.0.0.1 at 2011-01-09 13:00:41 +0100
  Processing by UsersController#show as HTML
  Parameters: {"id"=>"1"}
  [1m[36mUser Load (0.0ms)[0m  [1mSELECT "users".* FROM "users" WHERE ("users"."id" = 1) LIMIT 1[0m
Rendered users/show.html.erb within layouts/application (24.0ms)
Completed 200 OK in 52ms (Views: 39.0ms | ActiveRecord: 0.0ms)


Started GET "/users" for 127.0.0.1 at 2011-01-09 13:00:44 +0100
  Processing by UsersController#index as HTML
  [1m[35mUser Load (1.0ms)[0m  SELECT "users".* FROM "users"
Rendered users/index.html.erb within layouts/application (10.0ms)
Completed 200 OK in 37ms (Views: 26.0ms | ActiveRecord: 1.0ms)


Started GET "/microposts" for 127.0.0.1 at 2011-01-09 13:00:53 +0100
  Processing by MicropostsController#index as HTML
Completed   in 19ms

ArgumentError (Unknown validator: 'legth'):
  app/models/micropost.rb:2:in `<class:Micropost>'
  app/models/micropost.rb:1:in `<top (required)>'
  app/controllers/microposts_controller.rb:5:in `index'

Rendered c:/Ruby192/lib/ruby/gems/1.9.1/gems/actionpack-3.0.3/lib/action_dispatch/middleware/templates/rescues/_trace.erb (1.0ms)
Rendered c:/Ruby192/lib/ruby/gems/1.9.1/gems/actionpack-3.0.3/lib/action_dispatch/middleware/templates/rescues/_request_and_response.erb (3.0ms)
Rendered c:/Ruby192/lib/ruby/gems/1.9.1/gems/actionpack-3.0.3/lib/action_dispatch/middleware/templates/rescues/diagnostics.erb within rescues/layout (27.0ms)


Started GET "/microposts" for 127.0.0.1 at 2011-01-09 13:01:39 +0100
  Processing by MicropostsController#index as HTML
  [1m[36mMicropost Load (0.0ms)[0m  [1mSELECT "microposts".* FROM "microposts"[0m
Rendered microposts/index.html.erb within layouts/application (9.0ms)
Completed 200 OK in 38ms (Views: 26.0ms | ActiveRecord: 0.0ms)


Started GET "/microposts/new" for 127.0.0.1 at 2011-01-09 13:01:43 +0100
  Processing by MicropostsController#new as HTML
Rendered microposts/_form.html.erb (24.0ms)
Rendered microposts/new.html.erb within layouts/application (31.0ms)
Completed 200 OK in 60ms (Views: 47.0ms | ActiveRecord: 0.0ms)


Started POST "/microposts" for 127.0.0.1 at 2011-01-09 13:01:56 +0100
  Processing by MicropostsController#create as HTML
  Parameters: {"utf8"=>"✓", "authenticity_token"=>"uqQzFjQj4jRAEwjEM+zfa14lrtn1//e3nkp/gpIMmuQ=", "micropost"=>{"content"=>"aaaaaaaaaaaaaaaaaaaaaaaaaaaaaaaaaaaaaaaaaaaaaaaaaaaaaaaaaaaaaaaaaaaaaaaaaaaaaaaaaaaaaaaaaaaaaaaaaaaaaaaaaaaaaaaaaaaaaaaaaaaaaaaaaaaaaaaaaaaaaaaaaaaaaaaaaaaaaaa", "user_id"=>"2"}, "commit"=>"Create Micropost"}
Rendered microposts/_form.html.erb (4.0ms)
Rendered microposts/new.html.erb within layouts/application (10.0ms)
Completed 200 OK in 45ms (Views: 26.0ms | ActiveRecord: 0.0ms)


Started POST "/microposts" for 127.0.0.1 at 2011-01-09 13:02:20 +0100
  Processing by MicropostsController#create as HTML
  Parameters: {"utf8"=>"✓", "authenticity_token"=>"uqQzFjQj4jRAEwjEM+zfa14lrtn1//e3nkp/gpIMmuQ=", "micropost"=>{"content"=>"", "user_id"=>"2"}, "commit"=>"Create Micropost"}
  [1m[35mAREL (1.0ms)[0m  INSERT INTO "microposts" ("content", "user_id", "created_at", "updated_at") VALUES ('', 2, '2011-01-09 12:02:20.488071', '2011-01-09 12:02:20.488071')
Redirected to http://localhost:3000/microposts/2
Completed 302 Found in 114ms


Started GET "/microposts/2" for 127.0.0.1 at 2011-01-09 13:02:20 +0100
  Processing by MicropostsController#show as HTML
  Parameters: {"id"=>"2"}
  [1m[36mMicropost Load (0.0ms)[0m  [1mSELECT "microposts".* FROM "microposts" WHERE ("microposts"."id" = 2) LIMIT 1[0m
Rendered microposts/show.html.erb within layouts/application (9.0ms)
Completed 200 OK in 39ms (Views: 25.0ms | ActiveRecord: 0.0ms)


Started GET "/microposts" for 127.0.0.1 at 2011-01-09 13:02:29 +0100
  Processing by MicropostsController#index as HTML
  [1m[35mMicropost Load (1.0ms)[0m  SELECT "microposts".* FROM "microposts"
Rendered microposts/index.html.erb within layouts/application (11.0ms)
Completed 200 OK in 37ms (Views: 26.0ms | ActiveRecord: 1.0ms)


Started GET "/microposts/2/edit" for 127.0.0.1 at 2011-01-09 13:02:34 +0100
  Processing by MicropostsController#edit as HTML
  Parameters: {"id"=>"2"}
  [1m[36mMicropost Load (1.0ms)[0m  [1mSELECT "microposts".* FROM "microposts" WHERE ("microposts"."id" = 2) LIMIT 1[0m
Rendered microposts/_form.html.erb (27.0ms)
Rendered microposts/edit.html.erb within layouts/application (35.0ms)
Completed 200 OK in 64ms (Views: 50.0ms | ActiveRecord: 1.0ms)


Started POST "/microposts/2" for 127.0.0.1 at 2011-01-09 13:02:46 +0100
  Processing by MicropostsController#update as HTML
  Parameters: {"utf8"=>"✓", "authenticity_token"=>"uqQzFjQj4jRAEwjEM+zfa14lrtn1//e3nkp/gpIMmuQ=", "micropost"=>{"content"=>"secondo micropost", "user_id"=>"2"}, "commit"=>"Update Micropost", "id"=>"2"}
  [1m[35mMicropost Load (0.0ms)[0m  SELECT "microposts".* FROM "microposts" WHERE ("microposts"."id" = 2) LIMIT 1
  [1m[36mAREL (1.0ms)[0m  [1mUPDATE "microposts" SET "content" = 'secondo micropost', "updated_at" = '2011-01-09 12:02:46.418554' WHERE ("microposts"."id" = 2)[0m
Redirected to http://localhost:3000/microposts/2
Completed 302 Found in 108ms


Started GET "/microposts/2" for 127.0.0.1 at 2011-01-09 13:02:46 +0100
  Processing by MicropostsController#show as HTML
  Parameters: {"id"=>"2"}
  [1m[35mMicropost Load (0.0ms)[0m  SELECT "microposts".* FROM "microposts" WHERE ("microposts"."id" = 2) LIMIT 1
Rendered microposts/show.html.erb within layouts/application (10.0ms)
Completed 200 OK in 38ms (Views: 25.0ms | ActiveRecord: 0.0ms)


Started GET "/microposts" for 127.0.0.1 at 2011-01-09 13:02:51 +0100
  Processing by MicropostsController#index as HTML
  [1m[36mMicropost Load (1.0ms)[0m  [1mSELECT "microposts".* FROM "microposts"[0m
Rendered microposts/index.html.erb within layouts/application (28.0ms)
Completed 200 OK in 55ms (Views: 44.0ms | ActiveRecord: 2.0ms)
  [1m[36mUser Load (0.0ms)[0m  [1mSELECT "users".* FROM "users" LIMIT 1[0m
  [1m[35mMicropost Load (1.0ms)[0m  SELECT "microposts".* FROM "microposts" WHERE ("microposts".user_id = 1)


Started GET "/users" for 127.0.0.1 at 2011-01-09 13:28:47 +0100
  Processing by UsersController#index as HTML
  [1m[35mUser Load (0.0ms)[0m  SELECT "users".* FROM "users"
Rendered users/index.html.erb within layouts/application (11.0ms)
Completed 200 OK in 174ms (Views: 26.0ms | ActiveRecord: 0.0ms)


Started GET "/microposts/new" for 127.0.0.1 at 2011-01-09 13:28:57 +0100
  Processing by MicropostsController#new as HTML
Rendered microposts/_form.html.erb (6.0ms)
Rendered microposts/new.html.erb within layouts/application (12.0ms)
Completed 200 OK in 59ms (Views: 29.0ms | ActiveRecord: 0.0ms)


Started POST "/microposts" for 127.0.0.1 at 2011-01-09 13:29:13 +0100
  Processing by MicropostsController#create as HTML
  Parameters: {"utf8"=>"✓", "authenticity_token"=>"uqQzFjQj4jRAEwjEM+zfa14lrtn1//e3nkp/gpIMmuQ=", "micropost"=>{"content"=>"second micropost", "user_id"=>"1"}, "commit"=>"Create Micropost"}
  [1m[36mAREL (1.0ms)[0m  [1mINSERT INTO "microposts" ("content", "user_id", "created_at", "updated_at") VALUES ('second micropost', 1, '2011-01-09 12:29:13.909353', '2011-01-09 12:29:13.909353')[0m
Redirected to http://localhost:3000/microposts/3
Completed 302 Found in 116ms


Started GET "/microposts/3" for 127.0.0.1 at 2011-01-09 13:29:14 +0100
  Processing by MicropostsController#show as HTML
  Parameters: {"id"=>"3"}
  [1m[35mMicropost Load (1.0ms)[0m  SELECT "microposts".* FROM "microposts" WHERE ("microposts"."id" = 3) LIMIT 1
Rendered microposts/show.html.erb within layouts/application (8.0ms)
Completed 200 OK in 39ms (Views: 24.0ms | ActiveRecord: 1.0ms)


Started GET "/microposts" for 127.0.0.1 at 2011-01-09 13:29:16 +0100
  Processing by MicropostsController#index as HTML
  [1m[36mMicropost Load (0.0ms)[0m  [1mSELECT "microposts".* FROM "microposts"[0m
Rendered microposts/index.html.erb within layouts/application (12.0ms)
Completed 200 OK in 42ms (Views: 29.0ms | ActiveRecord: 0.0ms)
  [1m[36mUser Load (0.0ms)[0m  [1mSELECT "users".* FROM "users" LIMIT 1[0m
  [1m[35mMicropost Load (0.0ms)[0m  SELECT "microposts".* FROM "microposts" WHERE ("microposts".user_id = 1)
